<?xml version="1.0" encoding="UTF-8"?>
<!-- Generated by org.testng.reporters.JUnitReportReporter -->
<testsuite hostname="DESKTOP-MSDE6HG" failures="0" tests="1" name="TestNGpackage.CopyPastePgm" time="0.613" errors="0" timestamp="2024-11-12T13:07:05 IST" skipped="0">
  <testcase classname="TestNGpackage.CopyPastePgm" name="rediffPgm" time="0.613"/>
  <system-out/>
</testsuite> <!-- TestNGpackage.CopyPastePgm -->
