<?xml version="1.0" encoding="UTF-8"?>
<!-- Generated by org.testng.reporters.JUnitReportReporter -->
<testsuite hostname="DESKTOP-MSDE6HG" failures="0" tests="1" name="TestNGpackage.SoftAssertion" time="0.026" errors="0" timestamp="2024-12-12T16:01:44 IST" skipped="0">
  <testcase classname="TestNGpackage.SoftAssertion" name="titleVerifiction" time="0.026"/>
  <system-out/>
</testsuite> <!-- TestNGpackage.SoftAssertion -->
