<?xml version="1.0" encoding="UTF-8"?>
<!-- Generated by org.testng.reporters.JUnitReportReporter -->
<testsuite hostname="DESKTOP-MSDE6HG" failures="0" tests="1" name="TestNGpackage.WindowHandler" time="1.387" errors="0" timestamp="2024-12-10T16:22:08 IST" skipped="0">
  <testcase classname="TestNGpackage.WindowHandler" name="windowHandlePgm" time="1.387"/>
  <system-out/>
</testsuite> <!-- TestNGpackage.WindowHandler -->
