<?xml version="1.0" encoding="UTF-8"?>
<!-- Generated by org.testng.reporters.JUnitReportReporter -->
<testsuite hostname="DESKTOP-MSDE6HG" failures="0" tests="4" name="TestNGpackage.TestNGDemo" time="0.041" errors="0" timestamp="2024-11-12T12:02:52 IST" skipped="0">
  <testcase classname="TestNGpackage.TestNGDemo" name="test3" time="0.025"/>
  <system-out/>
  <testcase classname="TestNGpackage.TestNGDemo" name="test1" time="0.006"/>
  <system-out/>
  <testcase classname="TestNGpackage.TestNGDemo" name="test1" time="0.006"/>
  <system-out/>
  <testcase classname="TestNGpackage.TestNGDemo" name="test1" time="0.004"/>
  <system-out/>
</testsuite> <!-- TestNGpackage.TestNGDemo -->
