<?xml version="1.0" encoding="UTF-8"?>
<!-- Generated by org.testng.reporters.JUnitReportReporter -->
<testsuite hostname="DESKTOP-MSDE6HG" failures="0" tests="1" name="testPackage.RishiHerbalTest" time="3.398" errors="0" timestamp="2024-12-01T20:36:41 IST" skipped="0">
  <testcase classname="testPackage.RishiHerbalTest" name="testHealth" time="3.398"/>
  <system-out/>
</testsuite> <!-- testPackage.RishiHerbalTest -->
