<?xml version="1.0" encoding="UTF-8"?>
<!-- Generated by org.testng.reporters.JUnitReportReporter -->
<testsuite hostname="DESKTOP-MSDE6HG" failures="0" tests="1" name="testPackage.FbCreateTest" time="4.405" errors="0" timestamp="2024-12-01T18:24:32 IST" skipped="0">
  <testcase classname="testPackage.FbCreateTest" name="createPageFb" time="4.405"/>
  <system-out/>
</testsuite> <!-- testPackage.FbCreateTest -->
