<?xml version="1.0" encoding="UTF-8"?>
<!-- Generated by org.testng.reporters.JUnitReportReporter -->
<testsuite hostname="DESKTOP-MSDE6HG" failures="0" tests="1" name="TestNGpackage.MouseOverPgm" time="3.894" errors="0" timestamp="2024-12-10T09:42:28 IST" skipped="0">
  <testcase classname="TestNGpackage.MouseOverPgm" name="moveTo" time="3.894"/>
  <system-out/>
</testsuite> <!-- TestNGpackage.MouseOverPgm -->
