<?xml version="1.0" encoding="UTF-8"?>
<!-- Generated by org.testng.reporters.JUnitReportReporter -->
<testsuite hostname="DESKTOP-MSDE6HG" failures="0" tests="1" name="TestNGpackage.FileUpload" time="9.937" errors="0" timestamp="2024-11-16T12:36:28 IST" skipped="0">
  <testcase classname="TestNGpackage.FileUpload" name="fileUp" time="9.937"/>
  <system-out/>
</testsuite> <!-- TestNGpackage.FileUpload -->
