<?xml version="1.0" encoding="UTF-8"?>
<!-- Generated by org.testng.reporters.JUnitReportReporter -->
<testsuite hostname="DESKTOP-MSDE6HG" failures="0" tests="1" name="TestNGpackage.GoogleSearch" time="0.312" errors="0" timestamp="2024-11-12T12:39:09 IST" skipped="0">
  <testcase classname="TestNGpackage.GoogleSearch" name="googleSearch" time="0.312"/>
  <system-out/>
</testsuite> <!-- TestNGpackage.GoogleSearch -->
