<?xml version="1.0" encoding="UTF-8"?>
<!-- Generated by org.testng.reporters.JUnitReportReporter -->
<testsuite hostname="DESKTOP-MSDE6HG" failures="0" tests="1" name="TestNGpackage.AutoITfileUpload" time="10.231" errors="0" timestamp="2024-12-10T18:50:38 IST" skipped="0">
  <testcase classname="TestNGpackage.AutoITfileUpload" name="fileUp" time="10.231"/>
  <system-out/>
</testsuite> <!-- TestNGpackage.AutoITfileUpload -->
