<?xml version="1.0" encoding="UTF-8"?>
<!-- Generated by org.testng.reporters.JUnitReportReporter -->
<testsuite hostname="DESKTOP-MSDE6HG" failures="0" tests="1" name="TestNGpackage.AssertionPgm" time="1.185" errors="0" timestamp="2024-11-28T16:20:22 IST" skipped="0">
  <testcase classname="TestNGpackage.AssertionPgm" name="loginUrlCheck" time="1.185"/>
  <system-out/>
</testsuite> <!-- TestNGpackage.AssertionPgm -->
