<?xml version="1.0" encoding="UTF-8"?>
<!-- Generated by org.testng.reporters.JUnitReportReporter -->
<testsuite hostname="DESKTOP-MSDE6HG" failures="0" tests="1" name="TestNGpackage.Parameterization" time="0.025" errors="0" timestamp="2024-11-12T12:11:50 IST" skipped="0">
  <testcase classname="TestNGpackage.Parameterization" name="paraMeter" time="0.025"/>
  <system-out/>
</testsuite> <!-- TestNGpackage.Parameterization -->
