<?xml version="1.0" encoding="UTF-8"?>
<!-- Generated by org.testng.reporters.JUnitReportReporter -->
<testsuite hostname="DESKTOP-MSDE6HG" failures="0" tests="1" name="TestNGpackage.AmazonPgm" time="16.759" errors="0" timestamp="2024-12-10T16:39:05 IST" skipped="0">
  <testcase classname="TestNGpackage.AmazonPgm" name="amazonPgm" time="16.759"/>
  <system-out/>
</testsuite> <!-- TestNGpackage.AmazonPgm -->
