<?xml version="1.0" encoding="UTF-8"?>
<!-- Generated by org.testng.reporters.JUnitReportReporter -->
<testsuite hostname="DESKTOP-MSDE6HG" failures="0" tests="1" name="TestNGpackage.DragDropPgm" time="0.674" errors="0" timestamp="2024-11-13T12:20:26 IST" skipped="0">
  <testcase classname="TestNGpackage.DragDropPgm" name="dragDrop" time="0.674"/>
  <system-out/>
</testsuite> <!-- TestNGpackage.DragDropPgm -->
