<?xml version="1.0" encoding="UTF-8"?>
<!-- Generated by org.testng.reporters.JUnitReportReporter -->
<testsuite hostname="DESKTOP-MSDE6HG" failures="0" tests="1" name="TestNGpackage.Guru99Demo" time="0.618" errors="0" timestamp="2024-11-12T19:45:36 IST" skipped="0">
  <testcase classname="TestNGpackage.Guru99Demo" name="guruDemo" time="0.618"/>
  <system-out/>
</testsuite> <!-- TestNGpackage.Guru99Demo -->
