<?xml version="1.0" encoding="UTF-8"?>
<!-- Generated by org.testng.reporters.JUnitReportReporter -->
<testsuite hostname="DESKTOP-MSDE6HG" failures="0" tests="1" name="TestNGpackage.TrivagoPgm" time="3.234" errors="0" timestamp="2024-11-15T20:51:09 IST" skipped="0">
  <testcase classname="TestNGpackage.TrivagoPgm" name="datePicking" time="3.234"/>
  <system-out/>
</testsuite> <!-- TestNGpackage.TrivagoPgm -->
